Arguments: 
  C:\Program Files\nodejs\node.exe C:\Program Files (x86)\Yarn\bin\yarn.js add react-dnd

PATH: 
  C:\Users\josue\bin;C:\Program Files\Git\mingw64\bin;C:\Program Files\Git\usr\local\bin;C:\Program Files\Git\usr\bin;C:\Program Files\Git\usr\bin;C:\Program Files\Git\mingw64\bin;C:\Program Files\Git\usr\bin;C:\Users\josue\bin;C:\Windows\system32;C:\Windows;C:\Windows\System32\Wbem;C:\Windows\System32\WindowsPowerShell\v1.0;C:\Windows\System32\OpenSSH;C:\Program Files\dotnet;C:\Program Files\Docker\Docker\resources\bin;C:\Program Files\nodejs;C:\Program Files\Git\cmd;C:\Program Files (x86)\Yarn\bin;C:\Users\josue\AppData\Local\Programs\Python\Launcher;C:\Users\josue\AppData\Local\Microsoft\WindowsApps;C:\Users\josue\AppData\Local\Programs\Microsoft VS Code\bin;C:\Program Files\nodejs;C:\Users\josue\AppData\Roaming\npm;C:\Users\josue\AppData\Local\Yarn\bin;C:\Program Files\Git\usr\bin\vendor_perl;C:\Program Files\Git\usr\bin\core_perl

Yarn version: 
  1.22.19

Node version: 
  22.1.0

Platform: 
  win32 x64

Trace: 
  Error: getaddrinfo ENOTFOUND registry.your-private-registry.com
      at GetAddrInfoReqWrap.onlookupall [as oncomplete] (node:dns:120:26)

npm manifest: 
  {
    "name": "logolab",
    "version": "1.0.0",
    "description": "",
    "main": "index.js",
    "scripts": {
      "install-server": "npm install --prefix server",
      "install-client": "npm install --prefix client",
      "install": "npm run install-server && npm run install-client",
      "server": "npm run watch --prefix server ",
      "client": "npm start --prefix client",
      "watch": "npm run server & npm run client",
      "test": "npm run test --prefix server && npm run test --prefix client",
      "deploy": "npm run build --prefix client && npm start --prefix server"
    },
    "author": "",
    "license": "ISC"
  }

yarn manifest: 
  No manifest

Lockfile: 
  No lockfile
